<?xml version="1.0" encoding="UTF-8"?>
<testng-results skipped="0" failed="0" ignored="0" total="1" passed="1">
  <reporter-output>
  </reporter-output>
  <suite name="tests.SearchDressTest" duration-ms="25129" started-at="2020-01-26T02:10:51 UYT" finished-at="2020-01-26T02:11:16 UYT">
    <groups>
    </groups>
    <test name="Command line test" duration-ms="25129" started-at="2020-01-26T02:10:51 UYT" finished-at="2020-01-26T02:11:16 UYT">
      <class name="tests.SearchDressTest">
        <test-method status="PASS" signature="setUp()[pri:0, instance:tests.SearchDressTest@271053e1]" name="setUp" is-config="true" duration-ms="12286" started-at="2020-01-26T02:10:51 UYT" finished-at="2020-01-26T02:11:03 UYT">
          <reporter-output>
          </reporter-output>
        </test-method> <!-- setUp -->
        <test-method status="PASS" signature="searchForDress()[pri:0, instance:tests.SearchDressTest@271053e1]" name="searchForDress" duration-ms="11191" started-at="2020-01-26T02:11:03 UYT" finished-at="2020-01-26T02:11:14 UYT">
          <reporter-output>
          </reporter-output>
        </test-method> <!-- searchForDress -->
        <test-method status="PASS" signature="close()[pri:0, instance:tests.SearchDressTest@271053e1]" name="close" is-config="true" duration-ms="1604" started-at="2020-01-26T02:11:14 UYT" finished-at="2020-01-26T02:11:16 UYT">
          <reporter-output>
          </reporter-output>
        </test-method> <!-- close -->
      </class> <!-- tests.SearchDressTest -->
    </test> <!-- Command line test -->
  </suite> <!-- tests.SearchDressTest -->
</testng-results>
